<?xml version="1.0" encoding="UTF-8"?>
<!-- Generated by org.testng.reporters.JUnitReportReporter -->
<testsuite hostname="QT-INHD-LT0626" failures="0" tests="1" name="ImageValidatorTests" time="30.077" errors="0" timestamp="2024-04-14T19:49:18 IST" skipped="0">
  <testcase classname="ImageValidatorTests" name="validateImage" time="30.077"/>
  <system-out/>
</testsuite> <!-- ImageValidatorTests -->
